G04 EAGLE Gerber X2 export*
G04 #@! %TF.Part,Single*
G04 #@! %TF.FileFunction,Profile,NP*
G04 #@! %TF.FilePolarity,Positive*
G04 #@! %TF.GenerationSoftware,Autodesk,EAGLE,9.0.1*
G04 #@! %TF.CreationDate,2018-05-25T15:16:36Z*
G75*
%MOMM*%
%FSLAX44Y44*%
%LPD*%
%AMOC8*
5,1,8,0,0,1.08239X$1,22.5*%
G01*
%ADD10C,0.000000*%


D10*
X-12700Y541500D02*
X-12700Y17300D01*
X17300Y-12700D01*
X541500Y-12700D01*
X571500Y17300D01*
X571500Y541500D01*
X541500Y571500D01*
X17300Y571500D01*
X-12700Y541500D01*
X33300Y431800D02*
X33305Y432229D01*
X33321Y432659D01*
X33347Y433087D01*
X33384Y433515D01*
X33432Y433942D01*
X33489Y434368D01*
X33558Y434792D01*
X33636Y435214D01*
X33725Y435634D01*
X33824Y436052D01*
X33934Y436467D01*
X34054Y436880D01*
X34183Y437289D01*
X34323Y437696D01*
X34473Y438098D01*
X34632Y438497D01*
X34801Y438892D01*
X34980Y439282D01*
X35169Y439668D01*
X35366Y440049D01*
X35573Y440426D01*
X35790Y440797D01*
X36015Y441162D01*
X36249Y441522D01*
X36492Y441877D01*
X36744Y442225D01*
X37004Y442567D01*
X37272Y442902D01*
X37549Y443231D01*
X37833Y443552D01*
X38126Y443867D01*
X38426Y444174D01*
X38733Y444474D01*
X39048Y444767D01*
X39369Y445051D01*
X39698Y445328D01*
X40033Y445596D01*
X40375Y445856D01*
X40723Y446108D01*
X41078Y446351D01*
X41438Y446585D01*
X41803Y446810D01*
X42174Y447027D01*
X42551Y447234D01*
X42932Y447431D01*
X43318Y447620D01*
X43708Y447799D01*
X44103Y447968D01*
X44502Y448127D01*
X44904Y448277D01*
X45311Y448417D01*
X45720Y448546D01*
X46133Y448666D01*
X46548Y448776D01*
X46966Y448875D01*
X47386Y448964D01*
X47808Y449042D01*
X48232Y449111D01*
X48658Y449168D01*
X49085Y449216D01*
X49513Y449253D01*
X49941Y449279D01*
X50371Y449295D01*
X50800Y449300D01*
X51229Y449295D01*
X51659Y449279D01*
X52087Y449253D01*
X52515Y449216D01*
X52942Y449168D01*
X53368Y449111D01*
X53792Y449042D01*
X54214Y448964D01*
X54634Y448875D01*
X55052Y448776D01*
X55467Y448666D01*
X55880Y448546D01*
X56289Y448417D01*
X56696Y448277D01*
X57098Y448127D01*
X57497Y447968D01*
X57892Y447799D01*
X58282Y447620D01*
X58668Y447431D01*
X59049Y447234D01*
X59426Y447027D01*
X59797Y446810D01*
X60162Y446585D01*
X60522Y446351D01*
X60877Y446108D01*
X61225Y445856D01*
X61567Y445596D01*
X61902Y445328D01*
X62231Y445051D01*
X62552Y444767D01*
X62867Y444474D01*
X63174Y444174D01*
X63474Y443867D01*
X63767Y443552D01*
X64051Y443231D01*
X64328Y442902D01*
X64596Y442567D01*
X64856Y442225D01*
X65108Y441877D01*
X65351Y441522D01*
X65585Y441162D01*
X65810Y440797D01*
X66027Y440426D01*
X66234Y440049D01*
X66431Y439668D01*
X66620Y439282D01*
X66799Y438892D01*
X66968Y438497D01*
X67127Y438098D01*
X67277Y437696D01*
X67417Y437289D01*
X67546Y436880D01*
X67666Y436467D01*
X67776Y436052D01*
X67875Y435634D01*
X67964Y435214D01*
X68042Y434792D01*
X68111Y434368D01*
X68168Y433942D01*
X68216Y433515D01*
X68253Y433087D01*
X68279Y432659D01*
X68295Y432229D01*
X68300Y431800D01*
X68295Y431371D01*
X68279Y430941D01*
X68253Y430513D01*
X68216Y430085D01*
X68168Y429658D01*
X68111Y429232D01*
X68042Y428808D01*
X67964Y428386D01*
X67875Y427966D01*
X67776Y427548D01*
X67666Y427133D01*
X67546Y426720D01*
X67417Y426311D01*
X67277Y425904D01*
X67127Y425502D01*
X66968Y425103D01*
X66799Y424708D01*
X66620Y424318D01*
X66431Y423932D01*
X66234Y423551D01*
X66027Y423174D01*
X65810Y422803D01*
X65585Y422438D01*
X65351Y422078D01*
X65108Y421723D01*
X64856Y421375D01*
X64596Y421033D01*
X64328Y420698D01*
X64051Y420369D01*
X63767Y420048D01*
X63474Y419733D01*
X63174Y419426D01*
X62867Y419126D01*
X62552Y418833D01*
X62231Y418549D01*
X61902Y418272D01*
X61567Y418004D01*
X61225Y417744D01*
X60877Y417492D01*
X60522Y417249D01*
X60162Y417015D01*
X59797Y416790D01*
X59426Y416573D01*
X59049Y416366D01*
X58668Y416169D01*
X58282Y415980D01*
X57892Y415801D01*
X57497Y415632D01*
X57098Y415473D01*
X56696Y415323D01*
X56289Y415183D01*
X55880Y415054D01*
X55467Y414934D01*
X55052Y414824D01*
X54634Y414725D01*
X54214Y414636D01*
X53792Y414558D01*
X53368Y414489D01*
X52942Y414432D01*
X52515Y414384D01*
X52087Y414347D01*
X51659Y414321D01*
X51229Y414305D01*
X50800Y414300D01*
X50371Y414305D01*
X49941Y414321D01*
X49513Y414347D01*
X49085Y414384D01*
X48658Y414432D01*
X48232Y414489D01*
X47808Y414558D01*
X47386Y414636D01*
X46966Y414725D01*
X46548Y414824D01*
X46133Y414934D01*
X45720Y415054D01*
X45311Y415183D01*
X44904Y415323D01*
X44502Y415473D01*
X44103Y415632D01*
X43708Y415801D01*
X43318Y415980D01*
X42932Y416169D01*
X42551Y416366D01*
X42174Y416573D01*
X41803Y416790D01*
X41438Y417015D01*
X41078Y417249D01*
X40723Y417492D01*
X40375Y417744D01*
X40033Y418004D01*
X39698Y418272D01*
X39369Y418549D01*
X39048Y418833D01*
X38733Y419126D01*
X38426Y419426D01*
X38126Y419733D01*
X37833Y420048D01*
X37549Y420369D01*
X37272Y420698D01*
X37004Y421033D01*
X36744Y421375D01*
X36492Y421723D01*
X36249Y422078D01*
X36015Y422438D01*
X35790Y422803D01*
X35573Y423174D01*
X35366Y423551D01*
X35169Y423932D01*
X34980Y424318D01*
X34801Y424708D01*
X34632Y425103D01*
X34473Y425502D01*
X34323Y425904D01*
X34183Y426311D01*
X34054Y426720D01*
X33934Y427133D01*
X33824Y427548D01*
X33725Y427966D01*
X33636Y428386D01*
X33558Y428808D01*
X33489Y429232D01*
X33432Y429658D01*
X33384Y430085D01*
X33347Y430513D01*
X33321Y430941D01*
X33305Y431371D01*
X33300Y431800D01*
X490500Y431800D02*
X490505Y432229D01*
X490521Y432659D01*
X490547Y433087D01*
X490584Y433515D01*
X490632Y433942D01*
X490689Y434368D01*
X490758Y434792D01*
X490836Y435214D01*
X490925Y435634D01*
X491024Y436052D01*
X491134Y436467D01*
X491254Y436880D01*
X491383Y437289D01*
X491523Y437696D01*
X491673Y438098D01*
X491832Y438497D01*
X492001Y438892D01*
X492180Y439282D01*
X492369Y439668D01*
X492566Y440049D01*
X492773Y440426D01*
X492990Y440797D01*
X493215Y441162D01*
X493449Y441522D01*
X493692Y441877D01*
X493944Y442225D01*
X494204Y442567D01*
X494472Y442902D01*
X494749Y443231D01*
X495033Y443552D01*
X495326Y443867D01*
X495626Y444174D01*
X495933Y444474D01*
X496248Y444767D01*
X496569Y445051D01*
X496898Y445328D01*
X497233Y445596D01*
X497575Y445856D01*
X497923Y446108D01*
X498278Y446351D01*
X498638Y446585D01*
X499003Y446810D01*
X499374Y447027D01*
X499751Y447234D01*
X500132Y447431D01*
X500518Y447620D01*
X500908Y447799D01*
X501303Y447968D01*
X501702Y448127D01*
X502104Y448277D01*
X502511Y448417D01*
X502920Y448546D01*
X503333Y448666D01*
X503748Y448776D01*
X504166Y448875D01*
X504586Y448964D01*
X505008Y449042D01*
X505432Y449111D01*
X505858Y449168D01*
X506285Y449216D01*
X506713Y449253D01*
X507141Y449279D01*
X507571Y449295D01*
X508000Y449300D01*
X508429Y449295D01*
X508859Y449279D01*
X509287Y449253D01*
X509715Y449216D01*
X510142Y449168D01*
X510568Y449111D01*
X510992Y449042D01*
X511414Y448964D01*
X511834Y448875D01*
X512252Y448776D01*
X512667Y448666D01*
X513080Y448546D01*
X513489Y448417D01*
X513896Y448277D01*
X514298Y448127D01*
X514697Y447968D01*
X515092Y447799D01*
X515482Y447620D01*
X515868Y447431D01*
X516249Y447234D01*
X516626Y447027D01*
X516997Y446810D01*
X517362Y446585D01*
X517722Y446351D01*
X518077Y446108D01*
X518425Y445856D01*
X518767Y445596D01*
X519102Y445328D01*
X519431Y445051D01*
X519752Y444767D01*
X520067Y444474D01*
X520374Y444174D01*
X520674Y443867D01*
X520967Y443552D01*
X521251Y443231D01*
X521528Y442902D01*
X521796Y442567D01*
X522056Y442225D01*
X522308Y441877D01*
X522551Y441522D01*
X522785Y441162D01*
X523010Y440797D01*
X523227Y440426D01*
X523434Y440049D01*
X523631Y439668D01*
X523820Y439282D01*
X523999Y438892D01*
X524168Y438497D01*
X524327Y438098D01*
X524477Y437696D01*
X524617Y437289D01*
X524746Y436880D01*
X524866Y436467D01*
X524976Y436052D01*
X525075Y435634D01*
X525164Y435214D01*
X525242Y434792D01*
X525311Y434368D01*
X525368Y433942D01*
X525416Y433515D01*
X525453Y433087D01*
X525479Y432659D01*
X525495Y432229D01*
X525500Y431800D01*
X525495Y431371D01*
X525479Y430941D01*
X525453Y430513D01*
X525416Y430085D01*
X525368Y429658D01*
X525311Y429232D01*
X525242Y428808D01*
X525164Y428386D01*
X525075Y427966D01*
X524976Y427548D01*
X524866Y427133D01*
X524746Y426720D01*
X524617Y426311D01*
X524477Y425904D01*
X524327Y425502D01*
X524168Y425103D01*
X523999Y424708D01*
X523820Y424318D01*
X523631Y423932D01*
X523434Y423551D01*
X523227Y423174D01*
X523010Y422803D01*
X522785Y422438D01*
X522551Y422078D01*
X522308Y421723D01*
X522056Y421375D01*
X521796Y421033D01*
X521528Y420698D01*
X521251Y420369D01*
X520967Y420048D01*
X520674Y419733D01*
X520374Y419426D01*
X520067Y419126D01*
X519752Y418833D01*
X519431Y418549D01*
X519102Y418272D01*
X518767Y418004D01*
X518425Y417744D01*
X518077Y417492D01*
X517722Y417249D01*
X517362Y417015D01*
X516997Y416790D01*
X516626Y416573D01*
X516249Y416366D01*
X515868Y416169D01*
X515482Y415980D01*
X515092Y415801D01*
X514697Y415632D01*
X514298Y415473D01*
X513896Y415323D01*
X513489Y415183D01*
X513080Y415054D01*
X512667Y414934D01*
X512252Y414824D01*
X511834Y414725D01*
X511414Y414636D01*
X510992Y414558D01*
X510568Y414489D01*
X510142Y414432D01*
X509715Y414384D01*
X509287Y414347D01*
X508859Y414321D01*
X508429Y414305D01*
X508000Y414300D01*
X507571Y414305D01*
X507141Y414321D01*
X506713Y414347D01*
X506285Y414384D01*
X505858Y414432D01*
X505432Y414489D01*
X505008Y414558D01*
X504586Y414636D01*
X504166Y414725D01*
X503748Y414824D01*
X503333Y414934D01*
X502920Y415054D01*
X502511Y415183D01*
X502104Y415323D01*
X501702Y415473D01*
X501303Y415632D01*
X500908Y415801D01*
X500518Y415980D01*
X500132Y416169D01*
X499751Y416366D01*
X499374Y416573D01*
X499003Y416790D01*
X498638Y417015D01*
X498278Y417249D01*
X497923Y417492D01*
X497575Y417744D01*
X497233Y418004D01*
X496898Y418272D01*
X496569Y418549D01*
X496248Y418833D01*
X495933Y419126D01*
X495626Y419426D01*
X495326Y419733D01*
X495033Y420048D01*
X494749Y420369D01*
X494472Y420698D01*
X494204Y421033D01*
X493944Y421375D01*
X493692Y421723D01*
X493449Y422078D01*
X493215Y422438D01*
X492990Y422803D01*
X492773Y423174D01*
X492566Y423551D01*
X492369Y423932D01*
X492180Y424318D01*
X492001Y424708D01*
X491832Y425103D01*
X491673Y425502D01*
X491523Y425904D01*
X491383Y426311D01*
X491254Y426720D01*
X491134Y427133D01*
X491024Y427548D01*
X490925Y427966D01*
X490836Y428386D01*
X490758Y428808D01*
X490689Y429232D01*
X490632Y429658D01*
X490584Y430085D01*
X490547Y430513D01*
X490521Y430941D01*
X490505Y431371D01*
X490500Y431800D01*
X33300Y127000D02*
X33305Y127429D01*
X33321Y127859D01*
X33347Y128287D01*
X33384Y128715D01*
X33432Y129142D01*
X33489Y129568D01*
X33558Y129992D01*
X33636Y130414D01*
X33725Y130834D01*
X33824Y131252D01*
X33934Y131667D01*
X34054Y132080D01*
X34183Y132489D01*
X34323Y132896D01*
X34473Y133298D01*
X34632Y133697D01*
X34801Y134092D01*
X34980Y134482D01*
X35169Y134868D01*
X35366Y135249D01*
X35573Y135626D01*
X35790Y135997D01*
X36015Y136362D01*
X36249Y136722D01*
X36492Y137077D01*
X36744Y137425D01*
X37004Y137767D01*
X37272Y138102D01*
X37549Y138431D01*
X37833Y138752D01*
X38126Y139067D01*
X38426Y139374D01*
X38733Y139674D01*
X39048Y139967D01*
X39369Y140251D01*
X39698Y140528D01*
X40033Y140796D01*
X40375Y141056D01*
X40723Y141308D01*
X41078Y141551D01*
X41438Y141785D01*
X41803Y142010D01*
X42174Y142227D01*
X42551Y142434D01*
X42932Y142631D01*
X43318Y142820D01*
X43708Y142999D01*
X44103Y143168D01*
X44502Y143327D01*
X44904Y143477D01*
X45311Y143617D01*
X45720Y143746D01*
X46133Y143866D01*
X46548Y143976D01*
X46966Y144075D01*
X47386Y144164D01*
X47808Y144242D01*
X48232Y144311D01*
X48658Y144368D01*
X49085Y144416D01*
X49513Y144453D01*
X49941Y144479D01*
X50371Y144495D01*
X50800Y144500D01*
X51229Y144495D01*
X51659Y144479D01*
X52087Y144453D01*
X52515Y144416D01*
X52942Y144368D01*
X53368Y144311D01*
X53792Y144242D01*
X54214Y144164D01*
X54634Y144075D01*
X55052Y143976D01*
X55467Y143866D01*
X55880Y143746D01*
X56289Y143617D01*
X56696Y143477D01*
X57098Y143327D01*
X57497Y143168D01*
X57892Y142999D01*
X58282Y142820D01*
X58668Y142631D01*
X59049Y142434D01*
X59426Y142227D01*
X59797Y142010D01*
X60162Y141785D01*
X60522Y141551D01*
X60877Y141308D01*
X61225Y141056D01*
X61567Y140796D01*
X61902Y140528D01*
X62231Y140251D01*
X62552Y139967D01*
X62867Y139674D01*
X63174Y139374D01*
X63474Y139067D01*
X63767Y138752D01*
X64051Y138431D01*
X64328Y138102D01*
X64596Y137767D01*
X64856Y137425D01*
X65108Y137077D01*
X65351Y136722D01*
X65585Y136362D01*
X65810Y135997D01*
X66027Y135626D01*
X66234Y135249D01*
X66431Y134868D01*
X66620Y134482D01*
X66799Y134092D01*
X66968Y133697D01*
X67127Y133298D01*
X67277Y132896D01*
X67417Y132489D01*
X67546Y132080D01*
X67666Y131667D01*
X67776Y131252D01*
X67875Y130834D01*
X67964Y130414D01*
X68042Y129992D01*
X68111Y129568D01*
X68168Y129142D01*
X68216Y128715D01*
X68253Y128287D01*
X68279Y127859D01*
X68295Y127429D01*
X68300Y127000D01*
X68295Y126571D01*
X68279Y126141D01*
X68253Y125713D01*
X68216Y125285D01*
X68168Y124858D01*
X68111Y124432D01*
X68042Y124008D01*
X67964Y123586D01*
X67875Y123166D01*
X67776Y122748D01*
X67666Y122333D01*
X67546Y121920D01*
X67417Y121511D01*
X67277Y121104D01*
X67127Y120702D01*
X66968Y120303D01*
X66799Y119908D01*
X66620Y119518D01*
X66431Y119132D01*
X66234Y118751D01*
X66027Y118374D01*
X65810Y118003D01*
X65585Y117638D01*
X65351Y117278D01*
X65108Y116923D01*
X64856Y116575D01*
X64596Y116233D01*
X64328Y115898D01*
X64051Y115569D01*
X63767Y115248D01*
X63474Y114933D01*
X63174Y114626D01*
X62867Y114326D01*
X62552Y114033D01*
X62231Y113749D01*
X61902Y113472D01*
X61567Y113204D01*
X61225Y112944D01*
X60877Y112692D01*
X60522Y112449D01*
X60162Y112215D01*
X59797Y111990D01*
X59426Y111773D01*
X59049Y111566D01*
X58668Y111369D01*
X58282Y111180D01*
X57892Y111001D01*
X57497Y110832D01*
X57098Y110673D01*
X56696Y110523D01*
X56289Y110383D01*
X55880Y110254D01*
X55467Y110134D01*
X55052Y110024D01*
X54634Y109925D01*
X54214Y109836D01*
X53792Y109758D01*
X53368Y109689D01*
X52942Y109632D01*
X52515Y109584D01*
X52087Y109547D01*
X51659Y109521D01*
X51229Y109505D01*
X50800Y109500D01*
X50371Y109505D01*
X49941Y109521D01*
X49513Y109547D01*
X49085Y109584D01*
X48658Y109632D01*
X48232Y109689D01*
X47808Y109758D01*
X47386Y109836D01*
X46966Y109925D01*
X46548Y110024D01*
X46133Y110134D01*
X45720Y110254D01*
X45311Y110383D01*
X44904Y110523D01*
X44502Y110673D01*
X44103Y110832D01*
X43708Y111001D01*
X43318Y111180D01*
X42932Y111369D01*
X42551Y111566D01*
X42174Y111773D01*
X41803Y111990D01*
X41438Y112215D01*
X41078Y112449D01*
X40723Y112692D01*
X40375Y112944D01*
X40033Y113204D01*
X39698Y113472D01*
X39369Y113749D01*
X39048Y114033D01*
X38733Y114326D01*
X38426Y114626D01*
X38126Y114933D01*
X37833Y115248D01*
X37549Y115569D01*
X37272Y115898D01*
X37004Y116233D01*
X36744Y116575D01*
X36492Y116923D01*
X36249Y117278D01*
X36015Y117638D01*
X35790Y118003D01*
X35573Y118374D01*
X35366Y118751D01*
X35169Y119132D01*
X34980Y119518D01*
X34801Y119908D01*
X34632Y120303D01*
X34473Y120702D01*
X34323Y121104D01*
X34183Y121511D01*
X34054Y121920D01*
X33934Y122333D01*
X33824Y122748D01*
X33725Y123166D01*
X33636Y123586D01*
X33558Y124008D01*
X33489Y124432D01*
X33432Y124858D01*
X33384Y125285D01*
X33347Y125713D01*
X33321Y126141D01*
X33305Y126571D01*
X33300Y127000D01*
X490500Y127000D02*
X490505Y127429D01*
X490521Y127859D01*
X490547Y128287D01*
X490584Y128715D01*
X490632Y129142D01*
X490689Y129568D01*
X490758Y129992D01*
X490836Y130414D01*
X490925Y130834D01*
X491024Y131252D01*
X491134Y131667D01*
X491254Y132080D01*
X491383Y132489D01*
X491523Y132896D01*
X491673Y133298D01*
X491832Y133697D01*
X492001Y134092D01*
X492180Y134482D01*
X492369Y134868D01*
X492566Y135249D01*
X492773Y135626D01*
X492990Y135997D01*
X493215Y136362D01*
X493449Y136722D01*
X493692Y137077D01*
X493944Y137425D01*
X494204Y137767D01*
X494472Y138102D01*
X494749Y138431D01*
X495033Y138752D01*
X495326Y139067D01*
X495626Y139374D01*
X495933Y139674D01*
X496248Y139967D01*
X496569Y140251D01*
X496898Y140528D01*
X497233Y140796D01*
X497575Y141056D01*
X497923Y141308D01*
X498278Y141551D01*
X498638Y141785D01*
X499003Y142010D01*
X499374Y142227D01*
X499751Y142434D01*
X500132Y142631D01*
X500518Y142820D01*
X500908Y142999D01*
X501303Y143168D01*
X501702Y143327D01*
X502104Y143477D01*
X502511Y143617D01*
X502920Y143746D01*
X503333Y143866D01*
X503748Y143976D01*
X504166Y144075D01*
X504586Y144164D01*
X505008Y144242D01*
X505432Y144311D01*
X505858Y144368D01*
X506285Y144416D01*
X506713Y144453D01*
X507141Y144479D01*
X507571Y144495D01*
X508000Y144500D01*
X508429Y144495D01*
X508859Y144479D01*
X509287Y144453D01*
X509715Y144416D01*
X510142Y144368D01*
X510568Y144311D01*
X510992Y144242D01*
X511414Y144164D01*
X511834Y144075D01*
X512252Y143976D01*
X512667Y143866D01*
X513080Y143746D01*
X513489Y143617D01*
X513896Y143477D01*
X514298Y143327D01*
X514697Y143168D01*
X515092Y142999D01*
X515482Y142820D01*
X515868Y142631D01*
X516249Y142434D01*
X516626Y142227D01*
X516997Y142010D01*
X517362Y141785D01*
X517722Y141551D01*
X518077Y141308D01*
X518425Y141056D01*
X518767Y140796D01*
X519102Y140528D01*
X519431Y140251D01*
X519752Y139967D01*
X520067Y139674D01*
X520374Y139374D01*
X520674Y139067D01*
X520967Y138752D01*
X521251Y138431D01*
X521528Y138102D01*
X521796Y137767D01*
X522056Y137425D01*
X522308Y137077D01*
X522551Y136722D01*
X522785Y136362D01*
X523010Y135997D01*
X523227Y135626D01*
X523434Y135249D01*
X523631Y134868D01*
X523820Y134482D01*
X523999Y134092D01*
X524168Y133697D01*
X524327Y133298D01*
X524477Y132896D01*
X524617Y132489D01*
X524746Y132080D01*
X524866Y131667D01*
X524976Y131252D01*
X525075Y130834D01*
X525164Y130414D01*
X525242Y129992D01*
X525311Y129568D01*
X525368Y129142D01*
X525416Y128715D01*
X525453Y128287D01*
X525479Y127859D01*
X525495Y127429D01*
X525500Y127000D01*
X525495Y126571D01*
X525479Y126141D01*
X525453Y125713D01*
X525416Y125285D01*
X525368Y124858D01*
X525311Y124432D01*
X525242Y124008D01*
X525164Y123586D01*
X525075Y123166D01*
X524976Y122748D01*
X524866Y122333D01*
X524746Y121920D01*
X524617Y121511D01*
X524477Y121104D01*
X524327Y120702D01*
X524168Y120303D01*
X523999Y119908D01*
X523820Y119518D01*
X523631Y119132D01*
X523434Y118751D01*
X523227Y118374D01*
X523010Y118003D01*
X522785Y117638D01*
X522551Y117278D01*
X522308Y116923D01*
X522056Y116575D01*
X521796Y116233D01*
X521528Y115898D01*
X521251Y115569D01*
X520967Y115248D01*
X520674Y114933D01*
X520374Y114626D01*
X520067Y114326D01*
X519752Y114033D01*
X519431Y113749D01*
X519102Y113472D01*
X518767Y113204D01*
X518425Y112944D01*
X518077Y112692D01*
X517722Y112449D01*
X517362Y112215D01*
X516997Y111990D01*
X516626Y111773D01*
X516249Y111566D01*
X515868Y111369D01*
X515482Y111180D01*
X515092Y111001D01*
X514697Y110832D01*
X514298Y110673D01*
X513896Y110523D01*
X513489Y110383D01*
X513080Y110254D01*
X512667Y110134D01*
X512252Y110024D01*
X511834Y109925D01*
X511414Y109836D01*
X510992Y109758D01*
X510568Y109689D01*
X510142Y109632D01*
X509715Y109584D01*
X509287Y109547D01*
X508859Y109521D01*
X508429Y109505D01*
X508000Y109500D01*
X507571Y109505D01*
X507141Y109521D01*
X506713Y109547D01*
X506285Y109584D01*
X505858Y109632D01*
X505432Y109689D01*
X505008Y109758D01*
X504586Y109836D01*
X504166Y109925D01*
X503748Y110024D01*
X503333Y110134D01*
X502920Y110254D01*
X502511Y110383D01*
X502104Y110523D01*
X501702Y110673D01*
X501303Y110832D01*
X500908Y111001D01*
X500518Y111180D01*
X500132Y111369D01*
X499751Y111566D01*
X499374Y111773D01*
X499003Y111990D01*
X498638Y112215D01*
X498278Y112449D01*
X497923Y112692D01*
X497575Y112944D01*
X497233Y113204D01*
X496898Y113472D01*
X496569Y113749D01*
X496248Y114033D01*
X495933Y114326D01*
X495626Y114626D01*
X495326Y114933D01*
X495033Y115248D01*
X494749Y115569D01*
X494472Y115898D01*
X494204Y116233D01*
X493944Y116575D01*
X493692Y116923D01*
X493449Y117278D01*
X493215Y117638D01*
X492990Y118003D01*
X492773Y118374D01*
X492566Y118751D01*
X492369Y119132D01*
X492180Y119518D01*
X492001Y119908D01*
X491832Y120303D01*
X491673Y120702D01*
X491523Y121104D01*
X491383Y121511D01*
X491254Y121920D01*
X491134Y122333D01*
X491024Y122748D01*
X490925Y123166D01*
X490836Y123586D01*
X490758Y124008D01*
X490689Y124432D01*
X490632Y124858D01*
X490584Y125285D01*
X490547Y125713D01*
X490521Y126141D01*
X490505Y126571D01*
X490500Y127000D01*
X253400Y571500D02*
X253408Y572138D01*
X253431Y572776D01*
X253470Y573413D01*
X253525Y574048D01*
X253596Y574683D01*
X253681Y575315D01*
X253783Y575945D01*
X253900Y576572D01*
X254032Y577197D01*
X254179Y577817D01*
X254342Y578435D01*
X254520Y579047D01*
X254712Y579656D01*
X254920Y580259D01*
X255142Y580857D01*
X255379Y581450D01*
X255631Y582036D01*
X255896Y582616D01*
X256176Y583190D01*
X256470Y583756D01*
X256778Y584315D01*
X257099Y584867D01*
X257434Y585410D01*
X257782Y585945D01*
X258143Y586471D01*
X258517Y586988D01*
X258903Y587496D01*
X259302Y587994D01*
X259713Y588482D01*
X260135Y588961D01*
X260570Y589428D01*
X261015Y589885D01*
X261472Y590330D01*
X261939Y590765D01*
X262418Y591187D01*
X262906Y591598D01*
X263404Y591997D01*
X263912Y592383D01*
X264429Y592757D01*
X264955Y593118D01*
X265490Y593466D01*
X266033Y593801D01*
X266585Y594122D01*
X267144Y594430D01*
X267710Y594724D01*
X268284Y595004D01*
X268864Y595269D01*
X269450Y595521D01*
X270043Y595758D01*
X270641Y595980D01*
X271244Y596188D01*
X271853Y596380D01*
X272465Y596558D01*
X273083Y596721D01*
X273703Y596868D01*
X274328Y597000D01*
X274955Y597117D01*
X275585Y597219D01*
X276217Y597304D01*
X276852Y597375D01*
X277487Y597430D01*
X278124Y597469D01*
X278762Y597492D01*
X279400Y597500D01*
X280038Y597492D01*
X280676Y597469D01*
X281313Y597430D01*
X281948Y597375D01*
X282583Y597304D01*
X283215Y597219D01*
X283845Y597117D01*
X284472Y597000D01*
X285097Y596868D01*
X285717Y596721D01*
X286335Y596558D01*
X286947Y596380D01*
X287556Y596188D01*
X288159Y595980D01*
X288757Y595758D01*
X289350Y595521D01*
X289936Y595269D01*
X290516Y595004D01*
X291090Y594724D01*
X291656Y594430D01*
X292215Y594122D01*
X292767Y593801D01*
X293310Y593466D01*
X293845Y593118D01*
X294371Y592757D01*
X294888Y592383D01*
X295396Y591997D01*
X295894Y591598D01*
X296382Y591187D01*
X296861Y590765D01*
X297328Y590330D01*
X297785Y589885D01*
X298230Y589428D01*
X298665Y588961D01*
X299087Y588482D01*
X299498Y587994D01*
X299897Y587496D01*
X300283Y586988D01*
X300657Y586471D01*
X301018Y585945D01*
X301366Y585410D01*
X301701Y584867D01*
X302022Y584315D01*
X302330Y583756D01*
X302624Y583190D01*
X302904Y582616D01*
X303169Y582036D01*
X303421Y581450D01*
X303658Y580857D01*
X303880Y580259D01*
X304088Y579656D01*
X304280Y579047D01*
X304458Y578435D01*
X304621Y577817D01*
X304768Y577197D01*
X304900Y576572D01*
X305017Y575945D01*
X305119Y575315D01*
X305204Y574683D01*
X305275Y574048D01*
X305330Y573413D01*
X305369Y572776D01*
X305392Y572138D01*
X305400Y571500D01*
X305392Y570862D01*
X305369Y570224D01*
X305330Y569587D01*
X305275Y568952D01*
X305204Y568317D01*
X305119Y567685D01*
X305017Y567055D01*
X304900Y566428D01*
X304768Y565803D01*
X304621Y565183D01*
X304458Y564565D01*
X304280Y563953D01*
X304088Y563344D01*
X303880Y562741D01*
X303658Y562143D01*
X303421Y561550D01*
X303169Y560964D01*
X302904Y560384D01*
X302624Y559810D01*
X302330Y559244D01*
X302022Y558685D01*
X301701Y558133D01*
X301366Y557590D01*
X301018Y557055D01*
X300657Y556529D01*
X300283Y556012D01*
X299897Y555504D01*
X299498Y555006D01*
X299087Y554518D01*
X298665Y554039D01*
X298230Y553572D01*
X297785Y553115D01*
X297328Y552670D01*
X296861Y552235D01*
X296382Y551813D01*
X295894Y551402D01*
X295396Y551003D01*
X294888Y550617D01*
X294371Y550243D01*
X293845Y549882D01*
X293310Y549534D01*
X292767Y549199D01*
X292215Y548878D01*
X291656Y548570D01*
X291090Y548276D01*
X290516Y547996D01*
X289936Y547731D01*
X289350Y547479D01*
X288757Y547242D01*
X288159Y547020D01*
X287556Y546812D01*
X286947Y546620D01*
X286335Y546442D01*
X285717Y546279D01*
X285097Y546132D01*
X284472Y546000D01*
X283845Y545883D01*
X283215Y545781D01*
X282583Y545696D01*
X281948Y545625D01*
X281313Y545570D01*
X280676Y545531D01*
X280038Y545508D01*
X279400Y545500D01*
X278762Y545508D01*
X278124Y545531D01*
X277487Y545570D01*
X276852Y545625D01*
X276217Y545696D01*
X275585Y545781D01*
X274955Y545883D01*
X274328Y546000D01*
X273703Y546132D01*
X273083Y546279D01*
X272465Y546442D01*
X271853Y546620D01*
X271244Y546812D01*
X270641Y547020D01*
X270043Y547242D01*
X269450Y547479D01*
X268864Y547731D01*
X268284Y547996D01*
X267710Y548276D01*
X267144Y548570D01*
X266585Y548878D01*
X266033Y549199D01*
X265490Y549534D01*
X264955Y549882D01*
X264429Y550243D01*
X263912Y550617D01*
X263404Y551003D01*
X262906Y551402D01*
X262418Y551813D01*
X261939Y552235D01*
X261472Y552670D01*
X261015Y553115D01*
X260570Y553572D01*
X260135Y554039D01*
X259713Y554518D01*
X259302Y555006D01*
X258903Y555504D01*
X258517Y556012D01*
X258143Y556529D01*
X257782Y557055D01*
X257434Y557590D01*
X257099Y558133D01*
X256778Y558685D01*
X256470Y559244D01*
X256176Y559810D01*
X255896Y560384D01*
X255631Y560964D01*
X255379Y561550D01*
X255142Y562143D01*
X254920Y562741D01*
X254712Y563344D01*
X254520Y563953D01*
X254342Y564565D01*
X254179Y565183D01*
X254032Y565803D01*
X253900Y566428D01*
X253783Y567055D01*
X253681Y567685D01*
X253596Y568317D01*
X253525Y568952D01*
X253470Y569587D01*
X253431Y570224D01*
X253408Y570862D01*
X253400Y571500D01*
X545500Y279400D02*
X545508Y280038D01*
X545531Y280676D01*
X545570Y281313D01*
X545625Y281948D01*
X545696Y282583D01*
X545781Y283215D01*
X545883Y283845D01*
X546000Y284472D01*
X546132Y285097D01*
X546279Y285717D01*
X546442Y286335D01*
X546620Y286947D01*
X546812Y287556D01*
X547020Y288159D01*
X547242Y288757D01*
X547479Y289350D01*
X547731Y289936D01*
X547996Y290516D01*
X548276Y291090D01*
X548570Y291656D01*
X548878Y292215D01*
X549199Y292767D01*
X549534Y293310D01*
X549882Y293845D01*
X550243Y294371D01*
X550617Y294888D01*
X551003Y295396D01*
X551402Y295894D01*
X551813Y296382D01*
X552235Y296861D01*
X552670Y297328D01*
X553115Y297785D01*
X553572Y298230D01*
X554039Y298665D01*
X554518Y299087D01*
X555006Y299498D01*
X555504Y299897D01*
X556012Y300283D01*
X556529Y300657D01*
X557055Y301018D01*
X557590Y301366D01*
X558133Y301701D01*
X558685Y302022D01*
X559244Y302330D01*
X559810Y302624D01*
X560384Y302904D01*
X560964Y303169D01*
X561550Y303421D01*
X562143Y303658D01*
X562741Y303880D01*
X563344Y304088D01*
X563953Y304280D01*
X564565Y304458D01*
X565183Y304621D01*
X565803Y304768D01*
X566428Y304900D01*
X567055Y305017D01*
X567685Y305119D01*
X568317Y305204D01*
X568952Y305275D01*
X569587Y305330D01*
X570224Y305369D01*
X570862Y305392D01*
X571500Y305400D01*
X572138Y305392D01*
X572776Y305369D01*
X573413Y305330D01*
X574048Y305275D01*
X574683Y305204D01*
X575315Y305119D01*
X575945Y305017D01*
X576572Y304900D01*
X577197Y304768D01*
X577817Y304621D01*
X578435Y304458D01*
X579047Y304280D01*
X579656Y304088D01*
X580259Y303880D01*
X580857Y303658D01*
X581450Y303421D01*
X582036Y303169D01*
X582616Y302904D01*
X583190Y302624D01*
X583756Y302330D01*
X584315Y302022D01*
X584867Y301701D01*
X585410Y301366D01*
X585945Y301018D01*
X586471Y300657D01*
X586988Y300283D01*
X587496Y299897D01*
X587994Y299498D01*
X588482Y299087D01*
X588961Y298665D01*
X589428Y298230D01*
X589885Y297785D01*
X590330Y297328D01*
X590765Y296861D01*
X591187Y296382D01*
X591598Y295894D01*
X591997Y295396D01*
X592383Y294888D01*
X592757Y294371D01*
X593118Y293845D01*
X593466Y293310D01*
X593801Y292767D01*
X594122Y292215D01*
X594430Y291656D01*
X594724Y291090D01*
X595004Y290516D01*
X595269Y289936D01*
X595521Y289350D01*
X595758Y288757D01*
X595980Y288159D01*
X596188Y287556D01*
X596380Y286947D01*
X596558Y286335D01*
X596721Y285717D01*
X596868Y285097D01*
X597000Y284472D01*
X597117Y283845D01*
X597219Y283215D01*
X597304Y282583D01*
X597375Y281948D01*
X597430Y281313D01*
X597469Y280676D01*
X597492Y280038D01*
X597500Y279400D01*
X597492Y278762D01*
X597469Y278124D01*
X597430Y277487D01*
X597375Y276852D01*
X597304Y276217D01*
X597219Y275585D01*
X597117Y274955D01*
X597000Y274328D01*
X596868Y273703D01*
X596721Y273083D01*
X596558Y272465D01*
X596380Y271853D01*
X596188Y271244D01*
X595980Y270641D01*
X595758Y270043D01*
X595521Y269450D01*
X595269Y268864D01*
X595004Y268284D01*
X594724Y267710D01*
X594430Y267144D01*
X594122Y266585D01*
X593801Y266033D01*
X593466Y265490D01*
X593118Y264955D01*
X592757Y264429D01*
X592383Y263912D01*
X591997Y263404D01*
X591598Y262906D01*
X591187Y262418D01*
X590765Y261939D01*
X590330Y261472D01*
X589885Y261015D01*
X589428Y260570D01*
X588961Y260135D01*
X588482Y259713D01*
X587994Y259302D01*
X587496Y258903D01*
X586988Y258517D01*
X586471Y258143D01*
X585945Y257782D01*
X585410Y257434D01*
X584867Y257099D01*
X584315Y256778D01*
X583756Y256470D01*
X583190Y256176D01*
X582616Y255896D01*
X582036Y255631D01*
X581450Y255379D01*
X580857Y255142D01*
X580259Y254920D01*
X579656Y254712D01*
X579047Y254520D01*
X578435Y254342D01*
X577817Y254179D01*
X577197Y254032D01*
X576572Y253900D01*
X575945Y253783D01*
X575315Y253681D01*
X574683Y253596D01*
X574048Y253525D01*
X573413Y253470D01*
X572776Y253431D01*
X572138Y253408D01*
X571500Y253400D01*
X570862Y253408D01*
X570224Y253431D01*
X569587Y253470D01*
X568952Y253525D01*
X568317Y253596D01*
X567685Y253681D01*
X567055Y253783D01*
X566428Y253900D01*
X565803Y254032D01*
X565183Y254179D01*
X564565Y254342D01*
X563953Y254520D01*
X563344Y254712D01*
X562741Y254920D01*
X562143Y255142D01*
X561550Y255379D01*
X560964Y255631D01*
X560384Y255896D01*
X559810Y256176D01*
X559244Y256470D01*
X558685Y256778D01*
X558133Y257099D01*
X557590Y257434D01*
X557055Y257782D01*
X556529Y258143D01*
X556012Y258517D01*
X555504Y258903D01*
X555006Y259302D01*
X554518Y259713D01*
X554039Y260135D01*
X553572Y260570D01*
X553115Y261015D01*
X552670Y261472D01*
X552235Y261939D01*
X551813Y262418D01*
X551402Y262906D01*
X551003Y263404D01*
X550617Y263912D01*
X550243Y264429D01*
X549882Y264955D01*
X549534Y265490D01*
X549199Y266033D01*
X548878Y266585D01*
X548570Y267144D01*
X548276Y267710D01*
X547996Y268284D01*
X547731Y268864D01*
X547479Y269450D01*
X547242Y270043D01*
X547020Y270641D01*
X546812Y271244D01*
X546620Y271853D01*
X546442Y272465D01*
X546279Y273083D01*
X546132Y273703D01*
X546000Y274328D01*
X545883Y274955D01*
X545781Y275585D01*
X545696Y276217D01*
X545625Y276852D01*
X545570Y277487D01*
X545531Y278124D01*
X545508Y278762D01*
X545500Y279400D01*
X-38700Y279400D02*
X-38692Y280038D01*
X-38669Y280676D01*
X-38630Y281313D01*
X-38575Y281948D01*
X-38504Y282583D01*
X-38419Y283215D01*
X-38317Y283845D01*
X-38200Y284472D01*
X-38068Y285097D01*
X-37921Y285717D01*
X-37758Y286335D01*
X-37580Y286947D01*
X-37388Y287556D01*
X-37180Y288159D01*
X-36958Y288757D01*
X-36721Y289350D01*
X-36469Y289936D01*
X-36204Y290516D01*
X-35924Y291090D01*
X-35630Y291656D01*
X-35322Y292215D01*
X-35001Y292767D01*
X-34666Y293310D01*
X-34318Y293845D01*
X-33957Y294371D01*
X-33583Y294888D01*
X-33197Y295396D01*
X-32798Y295894D01*
X-32387Y296382D01*
X-31965Y296861D01*
X-31530Y297328D01*
X-31085Y297785D01*
X-30628Y298230D01*
X-30161Y298665D01*
X-29682Y299087D01*
X-29194Y299498D01*
X-28696Y299897D01*
X-28188Y300283D01*
X-27671Y300657D01*
X-27145Y301018D01*
X-26610Y301366D01*
X-26067Y301701D01*
X-25515Y302022D01*
X-24956Y302330D01*
X-24390Y302624D01*
X-23816Y302904D01*
X-23236Y303169D01*
X-22650Y303421D01*
X-22057Y303658D01*
X-21459Y303880D01*
X-20856Y304088D01*
X-20247Y304280D01*
X-19635Y304458D01*
X-19017Y304621D01*
X-18397Y304768D01*
X-17772Y304900D01*
X-17145Y305017D01*
X-16515Y305119D01*
X-15883Y305204D01*
X-15248Y305275D01*
X-14613Y305330D01*
X-13976Y305369D01*
X-13338Y305392D01*
X-12700Y305400D01*
X-12062Y305392D01*
X-11424Y305369D01*
X-10787Y305330D01*
X-10152Y305275D01*
X-9517Y305204D01*
X-8885Y305119D01*
X-8255Y305017D01*
X-7628Y304900D01*
X-7003Y304768D01*
X-6383Y304621D01*
X-5765Y304458D01*
X-5153Y304280D01*
X-4544Y304088D01*
X-3941Y303880D01*
X-3343Y303658D01*
X-2750Y303421D01*
X-2164Y303169D01*
X-1584Y302904D01*
X-1010Y302624D01*
X-444Y302330D01*
X115Y302022D01*
X667Y301701D01*
X1210Y301366D01*
X1745Y301018D01*
X2271Y300657D01*
X2788Y300283D01*
X3296Y299897D01*
X3794Y299498D01*
X4282Y299087D01*
X4761Y298665D01*
X5228Y298230D01*
X5685Y297785D01*
X6130Y297328D01*
X6565Y296861D01*
X6987Y296382D01*
X7398Y295894D01*
X7797Y295396D01*
X8183Y294888D01*
X8557Y294371D01*
X8918Y293845D01*
X9266Y293310D01*
X9601Y292767D01*
X9922Y292215D01*
X10230Y291656D01*
X10524Y291090D01*
X10804Y290516D01*
X11069Y289936D01*
X11321Y289350D01*
X11558Y288757D01*
X11780Y288159D01*
X11988Y287556D01*
X12180Y286947D01*
X12358Y286335D01*
X12521Y285717D01*
X12668Y285097D01*
X12800Y284472D01*
X12917Y283845D01*
X13019Y283215D01*
X13104Y282583D01*
X13175Y281948D01*
X13230Y281313D01*
X13269Y280676D01*
X13292Y280038D01*
X13300Y279400D01*
X13292Y278762D01*
X13269Y278124D01*
X13230Y277487D01*
X13175Y276852D01*
X13104Y276217D01*
X13019Y275585D01*
X12917Y274955D01*
X12800Y274328D01*
X12668Y273703D01*
X12521Y273083D01*
X12358Y272465D01*
X12180Y271853D01*
X11988Y271244D01*
X11780Y270641D01*
X11558Y270043D01*
X11321Y269450D01*
X11069Y268864D01*
X10804Y268284D01*
X10524Y267710D01*
X10230Y267144D01*
X9922Y266585D01*
X9601Y266033D01*
X9266Y265490D01*
X8918Y264955D01*
X8557Y264429D01*
X8183Y263912D01*
X7797Y263404D01*
X7398Y262906D01*
X6987Y262418D01*
X6565Y261939D01*
X6130Y261472D01*
X5685Y261015D01*
X5228Y260570D01*
X4761Y260135D01*
X4282Y259713D01*
X3794Y259302D01*
X3296Y258903D01*
X2788Y258517D01*
X2271Y258143D01*
X1745Y257782D01*
X1210Y257434D01*
X667Y257099D01*
X115Y256778D01*
X-444Y256470D01*
X-1010Y256176D01*
X-1584Y255896D01*
X-2164Y255631D01*
X-2750Y255379D01*
X-3343Y255142D01*
X-3941Y254920D01*
X-4544Y254712D01*
X-5153Y254520D01*
X-5765Y254342D01*
X-6383Y254179D01*
X-7003Y254032D01*
X-7628Y253900D01*
X-8255Y253783D01*
X-8885Y253681D01*
X-9517Y253596D01*
X-10152Y253525D01*
X-10787Y253470D01*
X-11424Y253431D01*
X-12062Y253408D01*
X-12700Y253400D01*
X-13338Y253408D01*
X-13976Y253431D01*
X-14613Y253470D01*
X-15248Y253525D01*
X-15883Y253596D01*
X-16515Y253681D01*
X-17145Y253783D01*
X-17772Y253900D01*
X-18397Y254032D01*
X-19017Y254179D01*
X-19635Y254342D01*
X-20247Y254520D01*
X-20856Y254712D01*
X-21459Y254920D01*
X-22057Y255142D01*
X-22650Y255379D01*
X-23236Y255631D01*
X-23816Y255896D01*
X-24390Y256176D01*
X-24956Y256470D01*
X-25515Y256778D01*
X-26067Y257099D01*
X-26610Y257434D01*
X-27145Y257782D01*
X-27671Y258143D01*
X-28188Y258517D01*
X-28696Y258903D01*
X-29194Y259302D01*
X-29682Y259713D01*
X-30161Y260135D01*
X-30628Y260570D01*
X-31085Y261015D01*
X-31530Y261472D01*
X-31965Y261939D01*
X-32387Y262418D01*
X-32798Y262906D01*
X-33197Y263404D01*
X-33583Y263912D01*
X-33957Y264429D01*
X-34318Y264955D01*
X-34666Y265490D01*
X-35001Y266033D01*
X-35322Y266585D01*
X-35630Y267144D01*
X-35924Y267710D01*
X-36204Y268284D01*
X-36469Y268864D01*
X-36721Y269450D01*
X-36958Y270043D01*
X-37180Y270641D01*
X-37388Y271244D01*
X-37580Y271853D01*
X-37758Y272465D01*
X-37921Y273083D01*
X-38068Y273703D01*
X-38200Y274328D01*
X-38317Y274955D01*
X-38419Y275585D01*
X-38504Y276217D01*
X-38575Y276852D01*
X-38630Y277487D01*
X-38669Y278124D01*
X-38692Y278762D01*
X-38700Y279400D01*
X253400Y-12700D02*
X253408Y-12062D01*
X253431Y-11424D01*
X253470Y-10787D01*
X253525Y-10152D01*
X253596Y-9517D01*
X253681Y-8885D01*
X253783Y-8255D01*
X253900Y-7628D01*
X254032Y-7003D01*
X254179Y-6383D01*
X254342Y-5765D01*
X254520Y-5153D01*
X254712Y-4544D01*
X254920Y-3941D01*
X255142Y-3343D01*
X255379Y-2750D01*
X255631Y-2164D01*
X255896Y-1584D01*
X256176Y-1010D01*
X256470Y-444D01*
X256778Y115D01*
X257099Y667D01*
X257434Y1210D01*
X257782Y1745D01*
X258143Y2271D01*
X258517Y2788D01*
X258903Y3296D01*
X259302Y3794D01*
X259713Y4282D01*
X260135Y4761D01*
X260570Y5228D01*
X261015Y5685D01*
X261472Y6130D01*
X261939Y6565D01*
X262418Y6987D01*
X262906Y7398D01*
X263404Y7797D01*
X263912Y8183D01*
X264429Y8557D01*
X264955Y8918D01*
X265490Y9266D01*
X266033Y9601D01*
X266585Y9922D01*
X267144Y10230D01*
X267710Y10524D01*
X268284Y10804D01*
X268864Y11069D01*
X269450Y11321D01*
X270043Y11558D01*
X270641Y11780D01*
X271244Y11988D01*
X271853Y12180D01*
X272465Y12358D01*
X273083Y12521D01*
X273703Y12668D01*
X274328Y12800D01*
X274955Y12917D01*
X275585Y13019D01*
X276217Y13104D01*
X276852Y13175D01*
X277487Y13230D01*
X278124Y13269D01*
X278762Y13292D01*
X279400Y13300D01*
X280038Y13292D01*
X280676Y13269D01*
X281313Y13230D01*
X281948Y13175D01*
X282583Y13104D01*
X283215Y13019D01*
X283845Y12917D01*
X284472Y12800D01*
X285097Y12668D01*
X285717Y12521D01*
X286335Y12358D01*
X286947Y12180D01*
X287556Y11988D01*
X288159Y11780D01*
X288757Y11558D01*
X289350Y11321D01*
X289936Y11069D01*
X290516Y10804D01*
X291090Y10524D01*
X291656Y10230D01*
X292215Y9922D01*
X292767Y9601D01*
X293310Y9266D01*
X293845Y8918D01*
X294371Y8557D01*
X294888Y8183D01*
X295396Y7797D01*
X295894Y7398D01*
X296382Y6987D01*
X296861Y6565D01*
X297328Y6130D01*
X297785Y5685D01*
X298230Y5228D01*
X298665Y4761D01*
X299087Y4282D01*
X299498Y3794D01*
X299897Y3296D01*
X300283Y2788D01*
X300657Y2271D01*
X301018Y1745D01*
X301366Y1210D01*
X301701Y667D01*
X302022Y115D01*
X302330Y-444D01*
X302624Y-1010D01*
X302904Y-1584D01*
X303169Y-2164D01*
X303421Y-2750D01*
X303658Y-3343D01*
X303880Y-3941D01*
X304088Y-4544D01*
X304280Y-5153D01*
X304458Y-5765D01*
X304621Y-6383D01*
X304768Y-7003D01*
X304900Y-7628D01*
X305017Y-8255D01*
X305119Y-8885D01*
X305204Y-9517D01*
X305275Y-10152D01*
X305330Y-10787D01*
X305369Y-11424D01*
X305392Y-12062D01*
X305400Y-12700D01*
X305392Y-13338D01*
X305369Y-13976D01*
X305330Y-14613D01*
X305275Y-15248D01*
X305204Y-15883D01*
X305119Y-16515D01*
X305017Y-17145D01*
X304900Y-17772D01*
X304768Y-18397D01*
X304621Y-19017D01*
X304458Y-19635D01*
X304280Y-20247D01*
X304088Y-20856D01*
X303880Y-21459D01*
X303658Y-22057D01*
X303421Y-22650D01*
X303169Y-23236D01*
X302904Y-23816D01*
X302624Y-24390D01*
X302330Y-24956D01*
X302022Y-25515D01*
X301701Y-26067D01*
X301366Y-26610D01*
X301018Y-27145D01*
X300657Y-27671D01*
X300283Y-28188D01*
X299897Y-28696D01*
X299498Y-29194D01*
X299087Y-29682D01*
X298665Y-30161D01*
X298230Y-30628D01*
X297785Y-31085D01*
X297328Y-31530D01*
X296861Y-31965D01*
X296382Y-32387D01*
X295894Y-32798D01*
X295396Y-33197D01*
X294888Y-33583D01*
X294371Y-33957D01*
X293845Y-34318D01*
X293310Y-34666D01*
X292767Y-35001D01*
X292215Y-35322D01*
X291656Y-35630D01*
X291090Y-35924D01*
X290516Y-36204D01*
X289936Y-36469D01*
X289350Y-36721D01*
X288757Y-36958D01*
X288159Y-37180D01*
X287556Y-37388D01*
X286947Y-37580D01*
X286335Y-37758D01*
X285717Y-37921D01*
X285097Y-38068D01*
X284472Y-38200D01*
X283845Y-38317D01*
X283215Y-38419D01*
X282583Y-38504D01*
X281948Y-38575D01*
X281313Y-38630D01*
X280676Y-38669D01*
X280038Y-38692D01*
X279400Y-38700D01*
X278762Y-38692D01*
X278124Y-38669D01*
X277487Y-38630D01*
X276852Y-38575D01*
X276217Y-38504D01*
X275585Y-38419D01*
X274955Y-38317D01*
X274328Y-38200D01*
X273703Y-38068D01*
X273083Y-37921D01*
X272465Y-37758D01*
X271853Y-37580D01*
X271244Y-37388D01*
X270641Y-37180D01*
X270043Y-36958D01*
X269450Y-36721D01*
X268864Y-36469D01*
X268284Y-36204D01*
X267710Y-35924D01*
X267144Y-35630D01*
X266585Y-35322D01*
X266033Y-35001D01*
X265490Y-34666D01*
X264955Y-34318D01*
X264429Y-33957D01*
X263912Y-33583D01*
X263404Y-33197D01*
X262906Y-32798D01*
X262418Y-32387D01*
X261939Y-31965D01*
X261472Y-31530D01*
X261015Y-31085D01*
X260570Y-30628D01*
X260135Y-30161D01*
X259713Y-29682D01*
X259302Y-29194D01*
X258903Y-28696D01*
X258517Y-28188D01*
X258143Y-27671D01*
X257782Y-27145D01*
X257434Y-26610D01*
X257099Y-26067D01*
X256778Y-25515D01*
X256470Y-24956D01*
X256176Y-24390D01*
X255896Y-23816D01*
X255631Y-23236D01*
X255379Y-22650D01*
X255142Y-22057D01*
X254920Y-21459D01*
X254712Y-20856D01*
X254520Y-20247D01*
X254342Y-19635D01*
X254179Y-19017D01*
X254032Y-18397D01*
X253900Y-17772D01*
X253783Y-17145D01*
X253681Y-16515D01*
X253596Y-15883D01*
X253525Y-15248D01*
X253470Y-14613D01*
X253431Y-13976D01*
X253408Y-13338D01*
X253400Y-12700D01*
M02*
